  Building Custom Rule C:/Studia/PWP/OpenIGTLink/Source/CMakeLists.txt
  CMake does not need to re-run because C:/Studia/PWP/OpenIGTLink/Build/Source/CMakeFiles/generate.stamp is up-to-date.
  igtl_header.c
  igtl_image.c
  igtl_transform.c
  igtl_status.c
  igtl_util.c
  igtl_position.c
  igtl_capability.c
  igtl_colortable.c
  igtl_imgmeta.c
  igtl_lbmeta.c
  igtl_point.c
  igtl_tdata.c
  igtl_qtdata.c
  igtl_trajectory.c
  igtl_unit.c
  igtl_sensor.c
  igtl_string.c
  igtl_ndarray.c
  igtl_bind.c
  igtl_qtrans.c
  igtl_polydata.c
  igtl_command.c
  igtl_query.c
  igtlClientSocket.cxx
  igtlCapabilityMessage.cxx
  igtlConditionVariable.cxx
  igtlFastMutexLock.cxx
  igtlImageMessage.cxx
  igtlImageMessage2.cxx
  igtlLightObject.cxx
  igtlMath.cxx
  igtlMessageBase.cxx
  igtlMessageFactory.cxx
  igtlMultiThreader.cxx
  igtlMutexLock.cxx
C:\Studia\PWP\OpenIGTLink\Source\igtlMessageBase.cxx(196): warning C4267: "return": konwersja z "size_t" do "igtlUint16", możliwa utrata danych
C:\Studia\PWP\OpenIGTLink\Source\igtlMessageBase.cxx(373): warning C4267: "=": konwersja z "size_t" do "igtl_uint16", możliwa utrata danych
  igtlOSUtil.cxx
  igtlObject.cxx
  igtlObjectFactoryBase.cxx
  igtlPositionMessage.cxx
  igtlServerSocket.cxx
  igtlSessionManager.cxx
  igtlSimpleFastMutexLock.cxx
  igtlSocket.cxx
  igtlStatusMessage.cxx
  igtlTimeStamp.cxx
  igtlTransformMessage.cxx
  igtlColorTableMessage.cxx
  igtlImageMetaMessage.cxx
  igtlLabelMetaMessage.cxx
  igtlPointMessage.cxx
  igtlTrackingDataMessage.cxx
  igtlPolyDataMessage.cxx
  igtlQuaternionTrackingDataMessage.cxx
  igtlTrajectoryMessage.cxx
  igtlStringMessage.cxx
  igtlUnit.cxx
  igtlSensorMessage.cxx
  igtlBindMessage.cxx
  igtlNDArrayMessage.cxx
  igtlCommandMessage.cxx
C:\Studia\PWP\OpenIGTLink\Source\igtlBindMessage.cxx(208): warning C4267: "argument": konwersja z "size_t" do "igtl_uint16", możliwa utrata danych
C:\Studia\PWP\OpenIGTLink\Source\igtlBindMessage.cxx(338): warning C4267: "argument": konwersja z "size_t" do "igtl_uint16", możliwa utrata danych
C:\Studia\PWP\OpenIGTLink\Source\igtlBindMessage.cxx(448): warning C4267: "argument": konwersja z "size_t" do "igtl_uint16", możliwa utrata danych
C:\Studia\PWP\OpenIGTLink\Source\igtlNDArrayMessage.cxx(112): warning C4267: "inicjowanie": konwersja z "size_t" do "igtlUint16", możliwa utrata danych
  igtlQueryMessage.cxx
  OpenIGTLink.vcxproj -> C:\Studia\PWP\OpenIGTLink\Build\bin\Debug\OpenIGTLink.lib
