  Building Custom Rule C:/Studia/PWP/OpenIGTLink/Source/igtlutil/CMakeLists.txt
  CMake does not need to re-run because C:/Studia/PWP/OpenIGTLink/Build/Source/igtlutil/CMakeFiles/generate.stamp is up-to-date.
  igtl_header.c
  igtl_image.c
  igtl_position.c
  igtl_transform.c
  igtl_util.c
  igtl_capability.c
  igtl_colortable.c
  igtl_imgmeta.c
  igtl_lbmeta.c
  igtl_point.c
  igtl_tdata.c
  igtl_qtdata.c
  igtl_trajectory.c
  igtl_unit.c
  igtl_sensor.c
  igtl_string.c
  igtl_ndarray.c
  igtl_bind.c
  igtl_qtrans.c
  igtl_polydata.c
  igtl_command.c
  igtlutil.vcxproj -> C:\Studia\PWP\OpenIGTLink\Build\bin\Debug\igtlutil.lib
