  Checking Build System
  CMake does not need to re-run because C:/Studia/PWP/OpenIGTLink/Build/CMakeFiles/generate.stamp is up-to-date.
  CMake does not need to re-run because C:/Studia/PWP/OpenIGTLink/Build/Source/CMakeFiles/generate.stamp is up-to-date.
  CMake does not need to re-run because C:/Studia/PWP/OpenIGTLink/Build/Source/igtlutil/CMakeFiles/generate.stamp is up-to-date.
  CMake does not need to re-run because C:/Studia/PWP/OpenIGTLink/Build/Tools/CMakeFiles/generate.stamp is up-to-date.
  CMake does not need to re-run because C:/Studia/PWP/OpenIGTLink/Build/Examples/CMakeFiles/generate.stamp is up-to-date.
  CMake does not need to re-run because C:/Studia/PWP/OpenIGTLink/Build/Examples/Tracker/CMakeFiles/generate.stamp is up-to-date.
  CMake does not need to re-run because C:/Studia/PWP/OpenIGTLink/Build/Examples/Imager/CMakeFiles/generate.stamp is up-to-date.
  CMake does not need to re-run because C:/Studia/PWP/OpenIGTLink/Build/Examples/Status/CMakeFiles/generate.stamp is up-to-date.
  CMake does not need to re-run because C:/Studia/PWP/OpenIGTLink/Build/Examples/Receiver/CMakeFiles/generate.stamp is up-to-date.
  CMake does not need to re-run because C:/Studia/PWP/OpenIGTLink/Build/Examples/Thread/CMakeFiles/generate.stamp is up-to-date.
  CMake does not need to re-run because C:/Studia/PWP/OpenIGTLink/Build/Examples/ImageMeta/CMakeFiles/generate.stamp is up-to-date.
  CMake does not need to re-run because C:/Studia/PWP/OpenIGTLink/Build/Examples/Point/CMakeFiles/generate.stamp is up-to-date.
  CMake does not need to re-run because C:/Studia/PWP/OpenIGTLink/Build/Examples/TrackingData/CMakeFiles/generate.stamp is up-to-date.
  CMake does not need to re-run because C:/Studia/PWP/OpenIGTLink/Build/Examples/QuaternionTrackingData/CMakeFiles/generate.stamp is up-to-date.
  CMake does not need to re-run because C:/Studia/PWP/OpenIGTLink/Build/Examples/ImageDatabaseServer/CMakeFiles/generate.stamp is up-to-date.
  CMake does not need to re-run because C:/Studia/PWP/OpenIGTLink/Build/Examples/String/CMakeFiles/generate.stamp is up-to-date.
  CMake does not need to re-run because C:/Studia/PWP/OpenIGTLink/Build/Examples/Bind/CMakeFiles/generate.stamp is up-to-date.
  CMake does not need to re-run because C:/Studia/PWP/OpenIGTLink/Build/Examples/PolyData/CMakeFiles/generate.stamp is up-to-date.
  CMake does not need to re-run because C:/Studia/PWP/OpenIGTLink/Build/Examples/Capability/CMakeFiles/generate.stamp is up-to-date.
  CMake does not need to re-run because C:/Studia/PWP/OpenIGTLink/Build/Examples/Trajectory/CMakeFiles/generate.stamp is up-to-date.
  CMake does not need to re-run because C:/Studia/PWP/OpenIGTLink/Build/Examples/SessionManager/CMakeFiles/generate.stamp is up-to-date.
  CMake does not need to re-run because C:/Studia/PWP/OpenIGTLink/Build/Testing/CMakeFiles/generate.stamp is up-to-date.
  CMake does not need to re-run because C:/Studia/PWP/OpenIGTLink/Build/Testing/igtlutil/CMakeFiles/generate.stamp is up-to-date.
  CMake does not need to re-run because C:/Studia/PWP/OpenIGTLink/Build/Testing/gmock-build/CMakeFiles/generate.stamp is up-to-date.
  CMake does not need to re-run because C:/Studia/PWP/OpenIGTLink/Build/Testing/gmock-build/gtest/CMakeFiles/generate.stamp is up-to-date.
